<?xml version="1.0" encoding="UTF-8"?>
<!-- Generated by org.testng.reporters.JUnitXMLReporter -->
<testsuite ignored="1" hostname="DESKTOP-8BK2FET" failures="0" tests="4" name="Home Loan" time="0.009" errors="0" timestamp="02 Dec 2019 05:02:52 GMT">
  <testcase classname="testPackage.Day3" name="mobileloginHome" time="0.001"/>
  <testcase classname="testPackage.Day3" name="mobilesigninHome" time="0.001"/>
  <testcase classname="testPackage.Day3" name="mobilesignoutHome" time="0.001"/>
  <testcase classname="testPackage.Day3" name="webloginHome" time="0.0"/>
  <testcase classname="testPackage.Day3" name="apiloginHome" time="0.0">
    <ignored/>
  </testcase> <!-- apiloginHome -->
</testsuite> <!-- Home Loan -->
