<?xml version="1.0" encoding="UTF-8"?>
<!-- Generated by org.testng.reporters.JUnitXMLReporter -->
<testsuite ignored="1" hostname="DESKTOP-8BK2FET" failures="0" tests="5" name="personal Loan" time="0.039" errors="0" timestamp="02 Dec 2019 05:02:52 GMT">
  <testcase classname="testPackage.Day1" name="SecondDemo" time="0.005"/>
  <testcase classname="testPackage.Day2" name="pLoan" time="0.001"/>
  <testcase classname="testPackage.Day4" name="apiloginCar" time="0.001"/>
  <testcase classname="testPackage.Day4" name="mobileloginCar" time="0.001"/>
  <testcase classname="testPackage.Day4" name="webloginCar" time="0.002"/>
  <testcase classname="testPackage.Day1" name="Demo" time="0.0">
    <ignored/>
  </testcase> <!-- Demo -->
</testsuite> <!-- personal Loan -->
