<?xml version="1.0" encoding="UTF-8"?>
<!-- Generated by org.testng.reporters.JUnitXMLReporter -->
<testsuite ignored="6" hostname="DESKTOP-8BK2FET" failures="0" tests="4" name="Regression" time="0.039" errors="0" timestamp="02 Dec 2019 06:06:25 GMT">
  <testcase classname="testPackage.Day1" name="SecondDemo" time="0.009"/>
  <testcase classname="testPackage.Day3" name="mobilesigninHome" time="0.002"/>
  <testcase classname="testPackage.Day4" name="apiloginCar" time="0.001"/>
  <testcase classname="testPackage.Day4" name="mobileloginCar" time="0.001"/>
  <testcase classname="testPackage.Day1" name="Demo" time="0.0">
    <ignored/>
  </testcase> <!-- Demo -->
  <testcase classname="testPackage.Day3" name="apiloginHome" time="0.0">
    <ignored/>
  </testcase> <!-- apiloginHome -->
  <testcase classname="testPackage.Day3" name="mobileloginHome" time="0.0">
    <ignored/>
  </testcase> <!-- mobileloginHome -->
  <testcase classname="testPackage.Day3" name="webloginHome" time="0.0">
    <ignored/>
  </testcase> <!-- webloginHome -->
  <testcase classname="testPackage.Day3" name="mobilesignoutHome" time="0.0">
    <ignored/>
  </testcase> <!-- mobilesignoutHome -->
  <testcase classname="testPackage.Day4" name="webloginCar" time="0.0">
    <ignored/>
  </testcase> <!-- webloginCar -->
</testsuite> <!-- Regression -->
